This is pdfTeX, Version 3.141592653-2.6-1.40.22 (TeX Live 2021 Gentoo Linux) (preloaded format=pdflatex 2023.8.23)  15 FEB 2025 09:52
entering extended mode
 restricted \write18 enabled.
 %&-line parsing enabled.
**refman
(./refman.tex
LaTeX2e <2020-10-01> patch level 4
L3 programming layer <2021-02-18>
(/cvmfs/soft.computecanada.ca/gentoo/2023/x86-64-v3/usr/share/texmf-dist/tex/la
tex/base/book.cls
Document Class: book 2020/04/10 v1.4m Standard LaTeX document class

(/cvmfs/soft.computecanada.ca/gentoo/2023/x86-64-v3/usr/share/texmf-dist/tex/la
tex/base/bk10.clo
File: bk10.clo 2020/04/10 v1.4m Standard LaTeX file (size option)
)
\c@part=\count179
\c@chapter=\count180
\c@section=\count181
\c@subsection=\count182
\c@subsubsection=\count183
\c@paragraph=\count184
\c@subparagraph=\count185
\c@figure=\count186
\c@table=\count187
\abovecaptionskip=\skip47
\belowcaptionskip=\skip48
\bibindent=\dimen138
)
(/cvmfs/soft.computecanada.ca/gentoo/2023/x86-64-v3/usr/share/texmf-dist/tex/la
tex/base/ifthen.sty
Package: ifthen 2014/09/29 v1.1c Standard LaTeX ifthen package (DPC)
)
(/cvmfs/soft.computecanada.ca/gentoo/2023/x86-64-v3/usr/share/texmf-dist/tex/la
tex/tools/array.sty
Rollback for package 'array' requested -> date 2016-10-06.
         Best approximation is the release introduced on 2016-10-06.

(/cvmfs/soft.computecanada.ca/gentoo/2023/x86-64-v3/usr/share/texmf-dist/tex/la
tex/tools/array-2016-10-06.sty
Package: array 2016/10/06 v2.4d Tabular extension package (FMi)
\col@sep=\dimen139
\extrarowheight=\dimen140
\NC@list=\toks15
\extratabsurround=\skip49
\backup@length=\skip50
))
(/cvmfs/soft.computecanada.ca/gentoo/2023/x86-64-v3/usr/share/texmf-dist/tex/la
tex/base/fixltx2e.sty
Package: fixltx2e 2016/12/29 v2.1a fixes to LaTeX (obsolete)
Applying: [2015/01/01] Old fixltx2e package on input line 46.


Package fixltx2e Warning: fixltx2e is not required with releases after 2015
(fixltx2e)                All fixes are now in the LaTeX kernel.
(fixltx2e)                See the latexrelease package for details.

Already applied: [0000/00/00] Old fixltx2e package on input line 53.
) (./doxygen.sty
Package: doxygen 

(/cvmfs/soft.computecanada.ca/gentoo/2023/x86-64-v3/usr/share/texmf-dist/tex/la
tex/base/alltt.sty
Package: alltt 1997/06/16 v2.0g defines alltt environment
)
(/cvmfs/soft.computecanada.ca/gentoo/2023/x86-64-v3/usr/share/texmf-dist/tex/la
tex/tools/calc.sty
Package: calc 2017/05/25 v4.3 Infix arithmetic (KKT,FJ)
\calc@Acount=\count188
\calc@Bcount=\count189
\calc@Adimen=\dimen141
\calc@Bdimen=\dimen142
\calc@Askip=\skip51
\calc@Bskip=\skip52
LaTeX Info: Redefining \setlength on input line 80.
LaTeX Info: Redefining \addtolength on input line 81.
\calc@Ccount=\count190
\calc@Cskip=\skip53
)
(/cvmfs/soft.computecanada.ca/gentoo/2023/x86-64-v3/usr/share/texmf-dist/tex/la
tex/float/float.sty
Package: float 2001/11/08 v1.3d Float enhancements (AL)
\c@float@type=\count191
\float@exts=\toks16
\float@box=\box47
\@float@everytoks=\toks17
\@floatcapt=\box48
)
(/cvmfs/soft.computecanada.ca/gentoo/2023/x86-64-v3/usr/share/texmf-dist/tex/la
tex/tools/verbatim.sty
Package: verbatim 2020-07-07 v1.5u LaTeX2e package for verbatim enhancements
\every@verbatim=\toks18
\verbatim@line=\toks19
\verbatim@in@stream=\read2
)
(/cvmfs/soft.computecanada.ca/gentoo/2023/x86-64-v3/usr/share/texmf-dist/tex/la
tex/xcolor/xcolor.sty
Package: xcolor 2016/05/11 v2.12 LaTeX color extensions (UK)

(/cvmfs/soft.computecanada.ca/gentoo/2023/x86-64-v3/usr/share/texmf-dist/tex/la
tex/graphics-cfg/color.cfg
File: color.cfg 2016/01/02 v1.6 sample color configuration
)
Package xcolor Info: Driver file: pdftex.def on input line 225.

(/cvmfs/soft.computecanada.ca/gentoo/2023/x86-64-v3/usr/share/texmf-dist/tex/la
tex/graphics-def/pdftex.def
File: pdftex.def 2020/10/05 v1.2a Graphics/color driver for pdftex
)
(/cvmfs/soft.computecanada.ca/gentoo/2023/x86-64-v3/usr/share/texmf-dist/tex/la
tex/colortbl/colortbl.sty
Package: colortbl 2020/01/04 v1.0e Color table columns (DPC)
\everycr=\toks20
\minrowclearance=\skip54
)
\rownum=\count192
Package xcolor Info: Model `cmy' substituted by `cmy0' on input line 1348.
Package xcolor Info: Model `hsb' substituted by `rgb' on input line 1352.
Package xcolor Info: Model `RGB' extended on input line 1364.
Package xcolor Info: Model `HTML' substituted by `rgb' on input line 1366.
Package xcolor Info: Model `Hsb' substituted by `hsb' on input line 1367.
Package xcolor Info: Model `tHsb' substituted by `hsb' on input line 1368.
Package xcolor Info: Model `HSB' substituted by `hsb' on input line 1369.
Package xcolor Info: Model `Gray' substituted by `gray' on input line 1370.
Package xcolor Info: Model `wave' substituted by `hsb' on input line 1371.
) (./longtable_doxygen.sty
Package: longtable_doxygen 2014/10/28 v4.11 Multi-page Table package (DPC) - fr
ozen version for doxygen
\LTleft=\skip55
\LTright=\skip56
\LTpre=\skip57
\LTpost=\skip58
\LTchunksize=\count193
\LTcapwidth=\dimen143
\LT@head=\box49
\LT@firsthead=\box50
\LT@foot=\box51
\LT@lastfoot=\box52
\LT@cols=\count194
\LT@rows=\count195
\c@LT@tables=\count196
\c@LT@chunks=\count197
\LT@p@ftn=\toks21
) (./tabu_doxygen.sty
Package: tabu_doxygen 2011/02/26 v2.8 - flexible LaTeX tabulars (FC), frozen ve
rsion for doxygen

(/cvmfs/soft.computecanada.ca/gentoo/2023/x86-64-v3/usr/share/texmf-dist/tex/la
tex/varwidth/varwidth.sty
Package: varwidth 2009/03/30 ver 0.92;  Variable-width minipages
\@vwid@box=\box53
\sift@deathcycles=\count198
\@vwid@loff=\dimen144
\@vwid@roff=\dimen145
)
\c@taburow=\count199
\tabu@nbcols=\count266
\tabu@cnt=\count267
\tabu@Xcol=\count268
\tabu@alloc=\count269
\tabu@nested=\count270
\tabu@target=\dimen146
\tabu@spreadtarget=\dimen147
\tabu@naturalX=\dimen148
\tabucolX=\dimen149
\tabu@Xsum=\dimen150
\extrarowdepth=\dimen151
\abovetabulinesep=\dimen152
\belowtabulinesep=\dimen153
\tabustrutrule=\dimen154
\tabu@thebody=\toks22
\tabu@footnotes=\toks23
\tabu@box=\box54
\tabu@arstrutbox=\box55
\tabu@hleads=\box56
\tabu@vleads=\box57
\tabu@cellskip=\skip59
)
(/cvmfs/soft.computecanada.ca/gentoo/2023/x86-64-v3/usr/share/texmf-dist/tex/la
tex/fancyvrb/fancyvrb.sty
Package: fancyvrb 2021/01/20 v3.7 verbatim text (tvz,hv)

(/cvmfs/soft.computecanada.ca/gentoo/2023/x86-64-v3/usr/share/texmf-dist/tex/la
tex/graphics/keyval.sty
Package: keyval 2014/10/28 v1.15 key=value parser (DPC)
\KV@toks@=\toks24
)
\FV@CodeLineNo=\count271
\FV@InFile=\read3
\FV@TabBox=\box58
\c@FancyVerbLine=\count272
\FV@StepNumber=\count273
\FV@OutFile=\write3
)
(/cvmfs/soft.computecanada.ca/gentoo/2023/x86-64-v3/usr/share/texmf-dist/tex/la
tex/tools/tabularx.sty
Package: tabularx 2020/01/15 v2.11c `tabularx' package (DPC)
\TX@col@width=\dimen155
\TX@old@table=\dimen156
\TX@old@col=\dimen157
\TX@target=\dimen158
\TX@delta=\dimen159
\TX@cols=\count274
\TX@ftn=\toks25
)
(/cvmfs/soft.computecanada.ca/gentoo/2023/x86-64-v3/usr/share/texmf-dist/tex/la
tex/tools/multicol.sty
Package: multicol 2019/12/09 v1.8y multicolumn formatting (FMi)
\c@tracingmulticols=\count275
\mult@box=\box59
\multicol@leftmargin=\dimen160
\c@unbalance=\count276
\c@collectmore=\count277
\doublecol@number=\count278
\multicoltolerance=\count279
\multicolpretolerance=\count280
\full@width=\dimen161
\page@free=\dimen162
\premulticols=\dimen163
\postmulticols=\dimen164
\multicolsep=\skip60
\multicolbaselineskip=\skip61
\partial@page=\box60
\last@line=\box61
\maxbalancingoverflow=\dimen165
\mult@rightbox=\box62
\mult@grightbox=\box63
\mult@gfirstbox=\box64
\mult@firstbox=\box65
\@tempa=\box66
\@tempa=\box67
\@tempa=\box68
\@tempa=\box69
\@tempa=\box70
\@tempa=\box71
\@tempa=\box72
\@tempa=\box73
\@tempa=\box74
\@tempa=\box75
\@tempa=\box76
\@tempa=\box77
\@tempa=\box78
\@tempa=\box79
\@tempa=\box80
\@tempa=\box81
\@tempa=\box82
\@tempa=\box83
\@tempa=\box84
\@tempa=\box85
\@tempa=\box86
\@tempa=\box87
\@tempa=\box88
\@tempa=\box89
\@tempa=\box90
\@tempa=\box91
\@tempa=\box92
\@tempa=\box93
\@tempa=\box94
\@tempa=\box95
\@tempa=\box96
\@tempa=\box97
\@tempa=\box98
\@tempa=\box99
\@tempa=\box100
\@tempa=\box101
\@tempa=\box102
\c@minrows=\count281
\c@columnbadness=\count282
\c@finalcolumnbadness=\count283
\last@try=\dimen166
\multicolovershoot=\dimen167
\multicolundershoot=\dimen168
\mult@nat@firstbox=\box103
\colbreak@box=\box104
\mc@col@check@num=\count284
)
(/cvmfs/soft.computecanada.ca/gentoo/2023/x86-64-v3/usr/share/texmf-dist/tex/la
tex/multirow/multirow.sty
Package: multirow 2021/03/15 v2.8 Span multiple rows of a table
\multirow@colwidth=\skip62
\multirow@cntb=\count285
\multirow@dima=\skip63
\bigstrutjot=\dimen169
)
(/cvmfs/soft.computecanada.ca/gentoo/2023/x86-64-v3/usr/share/texmf-dist/tex/la
tex/hanging/hanging.sty
Package: hanging 2009/09/02 v1.2b hanging paragraphs and punctuation
\h@ngcommawd=\skip64
\h@ngfstopwd=\skip65
\h@ngquotewd=\skip66
\h@ngdquotewd=\skip67
\h@ngquerywd=\skip68
\h@ngexclwd=\skip69
\h@ngcolonwd=\skip70
\h@ngscolonwd=\skip71
)
(/cvmfs/soft.computecanada.ca/gentoo/2023/x86-64-v3/usr/share/texmf-dist/tex/ge
neric/iftex/ifpdf.sty
Package: ifpdf 2019/10/25 v3.4 ifpdf legacy package. Use iftex instead.

(/cvmfs/soft.computecanada.ca/gentoo/2023/x86-64-v3/usr/share/texmf-dist/tex/ge
neric/iftex/iftex.sty
Package: iftex 2020/03/06 v1.0d TeX engine tests
))
(/cvmfs/soft.computecanada.ca/gentoo/2023/x86-64-v3/usr/share/texmf-dist/tex/la
tex/adjustbox/adjustbox.sty
Package: adjustbox 2020/08/19 v1.3 Adjusting TeX boxes (trim, clip, ...)

(/cvmfs/soft.computecanada.ca/gentoo/2023/x86-64-v3/usr/share/texmf-dist/tex/la
tex/xkeyval/xkeyval.sty
Package: xkeyval 2020/11/20 v2.8 package option processing (HA)

(/cvmfs/soft.computecanada.ca/gentoo/2023/x86-64-v3/usr/share/texmf-dist/tex/ge
neric/xkeyval/xkeyval.tex
(/cvmfs/soft.computecanada.ca/gentoo/2023/x86-64-v3/usr/share/texmf-dist/tex/ge
neric/xkeyval/xkvutils.tex
\XKV@toks=\toks26
\XKV@tempa@toks=\toks27
)
\XKV@depth=\count286
File: xkeyval.tex 2014/12/03 v2.7a key=value parser (HA)
))
(/cvmfs/soft.computecanada.ca/gentoo/2023/x86-64-v3/usr/share/texmf-dist/tex/la
tex/adjustbox/adjcalc.sty
Package: adjcalc 2012/05/16 v1.1 Provides advanced setlength with multiple back
-ends (calc, etex, pgfmath)
)
(/cvmfs/soft.computecanada.ca/gentoo/2023/x86-64-v3/usr/share/texmf-dist/tex/la
tex/adjustbox/trimclip.sty
Package: trimclip 2020/08/19 v1.2 Trim and clip general TeX material

(/cvmfs/soft.computecanada.ca/gentoo/2023/x86-64-v3/usr/share/texmf-dist/tex/la
tex/graphics/graphicx.sty
Package: graphicx 2020/09/09 v1.2b Enhanced LaTeX Graphics (DPC,SPQR)

(/cvmfs/soft.computecanada.ca/gentoo/2023/x86-64-v3/usr/share/texmf-dist/tex/la
tex/graphics/graphics.sty
Package: graphics 2020/08/30 v1.4c Standard LaTeX Graphics (DPC,SPQR)

(/cvmfs/soft.computecanada.ca/gentoo/2023/x86-64-v3/usr/share/texmf-dist/tex/la
tex/graphics/trig.sty
Package: trig 2016/01/03 v1.10 sin cos tan (DPC)
)
(/cvmfs/soft.computecanada.ca/gentoo/2023/x86-64-v3/usr/share/texmf-dist/tex/la
tex/graphics-cfg/graphics.cfg
File: graphics.cfg 2016/06/04 v1.11 sample graphics configuration
)
Package graphics Info: Driver file: pdftex.def on input line 105.
)
\Gin@req@height=\dimen170
\Gin@req@width=\dimen171
)
(/cvmfs/soft.computecanada.ca/gentoo/2023/x86-64-v3/usr/share/texmf-dist/tex/la
tex/collectbox/collectbox.sty
Package: collectbox 2012/05/17 v0.4b Collect macro arguments as boxes
\collectedbox=\box105
)
\tc@llx=\dimen172
\tc@lly=\dimen173
\tc@urx=\dimen174
\tc@ury=\dimen175
Package trimclip Info: Using driver 'tc-pdftex.def'.

(/cvmfs/soft.computecanada.ca/gentoo/2023/x86-64-v3/usr/share/texmf-dist/tex/la
tex/adjustbox/tc-pdftex.def
File: tc-pdftex.def 2019/01/04 v2.2 Clipping driver for pdftex
))
\adjbox@Width=\dimen176
\adjbox@Height=\dimen177
\adjbox@Depth=\dimen178
\adjbox@Totalheight=\dimen179
\adjbox@pwidth=\dimen180
\adjbox@pheight=\dimen181
\adjbox@pdepth=\dimen182
\adjbox@ptotalheight=\dimen183

(/cvmfs/soft.computecanada.ca/gentoo/2023/x86-64-v3/usr/share/texmf-dist/tex/la
tex/ifoddpage/ifoddpage.sty
Package: ifoddpage 2016/04/23 v1.1 Conditionals for odd/even page detection
\c@checkoddpage=\count287
))
(/cvmfs/soft.computecanada.ca/gentoo/2023/x86-64-v3/usr/share/texmf-dist/tex/la
tex/amsfonts/amssymb.sty
Package: amssymb 2013/01/14 v3.01 AMS font symbols

(/cvmfs/soft.computecanada.ca/gentoo/2023/x86-64-v3/usr/share/texmf-dist/tex/la
tex/amsfonts/amsfonts.sty
Package: amsfonts 2013/01/14 v3.01 Basic AMSFonts support
\@emptytoks=\toks28
\symAMSa=\mathgroup4
\symAMSb=\mathgroup5
LaTeX Font Info:    Redeclaring math symbol \hbar on input line 98.
LaTeX Font Info:    Overwriting math alphabet `\mathfrak' in version `bold'
(Font)                  U/euf/m/n --> U/euf/b/n on input line 106.
))
(/cvmfs/soft.computecanada.ca/gentoo/2023/x86-64-v3/usr/share/texmf-dist/tex/la
tex/stackengine/stackengine.sty
Package: stackengine 2017/02/13 v4.01\ Stacking text and objects in convenient 
ways

(/cvmfs/soft.computecanada.ca/gentoo/2023/x86-64-v3/usr/share/texmf-dist/tex/la
tex/etoolbox/etoolbox.sty
Package: etoolbox 2020/10/05 v2.5k e-TeX tools for LaTeX (JAW)
\etb@tempcnta=\count288
)
(/cvmfs/soft.computecanada.ca/gentoo/2023/x86-64-v3/usr/share/texmf-dist/tex/ge
neric/listofitems/listofitems.sty
(/cvmfs/soft.computecanada.ca/gentoo/2023/x86-64-v3/usr/share/texmf-dist/tex/ge
neric/listofitems/listofitems.tex
\loi_cnt_foreach_nest=\count289
\loi_nestcnt=\count290
)
Package: listofitems 2019/08/21 v1.63 Grab items in lists using user-specified 
sep char (CT)
)
\c@@stackindex=\count291
\@boxshift=\skip72
\stack@tmplength=\skip73
\temp@stkl=\skip74
\@stackedboxwidth=\skip75
\@addedbox=\box106
\@anchorbox=\box107
\stackedbox=\box108
\@centerbox=\box109
\c@ROWcellindex@=\count292
)
(/cvmfs/soft.computecanada.ca/gentoo/2023/x86-64-v3/usr/share/texmf-dist/tex/la
tex/enumitem/enumitem.sty
Package: enumitem 2019/06/20 v3.9 Customized lists
\labelindent=\skip76
\enit@outerparindent=\dimen184
\enit@toks=\toks29
\enit@inbox=\box110
\enit@count@id=\count293
\enitdp@description=\count294
)
(/cvmfs/soft.computecanada.ca/gentoo/2023/x86-64-v3/usr/share/texmf-dist/tex/ge
neric/alphalph/alphalph.sty
Package: alphalph 2019/12/09 v2.6 Convert numbers to letters (HO)

(/cvmfs/soft.computecanada.ca/gentoo/2023/x86-64-v3/usr/share/texmf-dist/tex/ge
neric/infwarerr/infwarerr.sty
Package: infwarerr 2019/12/03 v1.5 Providing info/warning/error messages (HO)
)
(/cvmfs/soft.computecanada.ca/gentoo/2023/x86-64-v3/usr/share/texmf-dist/tex/ge
neric/intcalc/intcalc.sty
Package: intcalc 2019/12/15 v1.3 Expandable calculations with integers (HO)
))
(/cvmfs/soft.computecanada.ca/gentoo/2023/x86-64-v3/usr/share/texmf-dist/tex/ge
neric/ulem/ulem.sty
\UL@box=\box111
\UL@hyphenbox=\box112
\UL@skip=\skip77
\UL@hook=\toks30
\UL@height=\dimen185
\UL@pe=\count295
\UL@pixel=\dimen186
\ULC@box=\box113
Package: ulem 2019/11/18
\ULdepth=\dimen187
)
\xrefbox=\box114
\xreflength=\skip78
\CodeWidthChar=\skip79
\CodeHeightChar=\skip80
\DoxyCodeWidth=\skip81
\c@DoxyEnumeratei=\count296
\c@DoxyEnumerateii=\count297
\c@DoxyEnumerateiii=\count298
\c@DoxyEnumerateiv=\count299
\c@DoxyEnumeratev=\count300
\c@DoxyEnumeratevi=\count301
\c@DoxyEnumeratevii=\count302
\c@DoxyEnumerateviii=\count303
\c@DoxyEnumerateix=\count304
\c@DoxyEnumeratex=\count305
\c@DoxyEnumeratexi=\count306
\c@DoxyEnumeratexii=\count307
\enitdp@DoxyEnumerate=\count308
\enitdp@DoxyItemize=\count309
)
(/cvmfs/soft.computecanada.ca/gentoo/2023/x86-64-v3/usr/share/texmf-dist/tex/la
tex/base/inputenc.sty
Package: inputenc 2020/08/01 v1.3d Input encoding file
\inpenc@prehook=\toks31
\inpenc@posthook=\toks32
)
(/cvmfs/soft.computecanada.ca/gentoo/2023/x86-64-v3/usr/share/texmf-dist/tex/la
tex/base/makeidx.sty
Package: makeidx 2014/09/29 v1.0m Standard LaTeX package
)
(/cvmfs/soft.computecanada.ca/gentoo/2023/x86-64-v3/usr/share/texmf-dist/tex/la
tex/base/textcomp.sty
Package: textcomp 2020/02/02 v2.0n Standard LaTeX package
)
(/cvmfs/soft.computecanada.ca/gentoo/2023/x86-64-v3/usr/share/texmf-dist/tex/la
tex/wasysym/wasysym.sty
Package: wasysym 2020/01/19 v2.4 Wasy-2 symbol support package
\symwasy=\mathgroup6
LaTeX Font Info:    Overwriting symbol font `wasy' in version `bold'
(Font)                  U/wasy/m/n --> U/wasy/b/n on input line 93.
)
(/cvmfs/soft.computecanada.ca/gentoo/2023/x86-64-v3/usr/share/texmf-dist/tex/ge
neric/iftex/ifxetex.sty
Package: ifxetex 2019/10/25 v0.7 ifxetex legacy package. Use iftex instead.
)
(/cvmfs/soft.computecanada.ca/gentoo/2023/x86-64-v3/usr/share/texmf-dist/tex/la
tex/base/fontenc.sty
Package: fontenc 2020/08/10 v2.0s Standard LaTeX package
)
(/cvmfs/soft.computecanada.ca/gentoo/2023/x86-64-v3/usr/share/texmf-dist/tex/la
tex/psnfss/helvet.sty
Package: helvet 2020/03/25 PSNFSS-v9.3 (WaS) 
)
(/cvmfs/soft.computecanada.ca/gentoo/2023/x86-64-v3/usr/share/texmf-dist/tex/la
tex/psnfss/courier.sty
Package: courier 2020/03/25 PSNFSS-v9.3 (WaS) 
)
(/cvmfs/soft.computecanada.ca/gentoo/2023/x86-64-v3/usr/share/texmf-dist/tex/la
tex/sectsty/sectsty.sty
Package: sectsty 2002/02/25 v2.0.2 Commands to change all sectional heading sty
les


LaTeX Warning: Command \underbar  has changed.
               Check if current package is valid.


LaTeX Warning: Command \underline  has changed.
               Check if current package is valid.

)
(/cvmfs/soft.computecanada.ca/gentoo/2023/x86-64-v3/usr/share/texmf-dist/tex/la
tex/geometry/geometry.sty
Package: geometry 2020/01/02 v5.9 Page Geometry

(/cvmfs/soft.computecanada.ca/gentoo/2023/x86-64-v3/usr/share/texmf-dist/tex/ge
neric/iftex/ifvtex.sty
Package: ifvtex 2019/10/25 v1.7 ifvtex legacy package. Use iftex instead.
)
\Gm@cnth=\count310
\Gm@cntv=\count311
\c@Gm@tempcnt=\count312
\Gm@bindingoffset=\dimen188
\Gm@wd@mp=\dimen189
\Gm@odd@mp=\dimen190
\Gm@even@mp=\dimen191
\Gm@layoutwidth=\dimen192
\Gm@layoutheight=\dimen193
\Gm@layouthoffset=\dimen194
\Gm@layoutvoffset=\dimen195
\Gm@dimlist=\toks33
)
(/cvmfs/soft.computecanada.ca/gentoo/2023/x86-64-v3/usr/share/texmf-dist/tex/la
tex/changepage/changepage.sty
Package: changepage 2009/10/20 v1.0c check page and change page layout
\c@cp@cntr=\count313
\cp@tempcnt=\count314
LaTeX Info: Redefining \checkoddpage on input line 59.
)
(/cvmfs/soft.computecanada.ca/gentoo/2023/x86-64-v3/usr/share/texmf-dist/tex/la
tex/fancyhdr/fancyhdr.sty
Package: fancyhdr 2021/01/28 v4.0.1 Extensive control of page headers and foote
rs
\f@nch@headwidth=\skip82
\f@nch@O@elh=\skip83
\f@nch@O@erh=\skip84
\f@nch@O@olh=\skip85
\f@nch@O@orh=\skip86
\f@nch@O@elf=\skip87
\f@nch@O@erf=\skip88
\f@nch@O@olf=\skip89
\f@nch@O@orf=\skip90
)
(/cvmfs/soft.computecanada.ca/gentoo/2023/x86-64-v3/usr/share/texmf-dist/tex/la
tex/natbib/natbib.sty
Package: natbib 2010/09/13 8.31b (PWD, AO)
\bibhang=\skip91
\bibsep=\skip92
LaTeX Info: Redefining \cite on input line 694.
\c@NAT@ctr=\count315
)
(/cvmfs/soft.computecanada.ca/gentoo/2023/x86-64-v3/usr/share/texmf-dist/tex/la
tex/tocloft/tocloft.sty
Package: tocloft 2017/08/31 v2.3i parameterised ToC, etc., typesetting
Package tocloft Info: The document has chapter divisions on input line 51.
\cftparskip=\skip93
\cftbeforetoctitleskip=\skip94
\cftaftertoctitleskip=\skip95
\cftbeforepartskip=\skip96
\cftpartnumwidth=\skip97
\cftpartindent=\skip98
\cftbeforechapskip=\skip99
\cftchapindent=\skip100
\cftchapnumwidth=\skip101
\cftbeforesecskip=\skip102
\cftsecindent=\skip103
\cftsecnumwidth=\skip104
\cftbeforesubsecskip=\skip105
\cftsubsecindent=\skip106
\cftsubsecnumwidth=\skip107
\cftbeforesubsubsecskip=\skip108
\cftsubsubsecindent=\skip109
\cftsubsubsecnumwidth=\skip110
\cftbeforeparaskip=\skip111
\cftparaindent=\skip112
\cftparanumwidth=\skip113
\cftbeforesubparaskip=\skip114
\cftsubparaindent=\skip115
\cftsubparanumwidth=\skip116
\cftbeforeloftitleskip=\skip117
\cftafterloftitleskip=\skip118
\cftbeforefigskip=\skip119
\cftfigindent=\skip120
\cftfignumwidth=\skip121
\c@lofdepth=\count316
\c@lotdepth=\count317
\cftbeforelottitleskip=\skip122
\cftafterlottitleskip=\skip123
\cftbeforetabskip=\skip124
\cfttabindent=\skip125
\cfttabnumwidth=\skip126
)
\@indexfile=\write4
\openout4 = `refman.idx'.


Writing index file refman.idx

(/cvmfs/soft.computecanada.ca/gentoo/2023/x86-64-v3/usr/share/texmf-dist/tex/la
tex/newunicodechar/newunicodechar.sty
Package: newunicodechar 2018/04/08 v1.2 Defining Unicode characters
)

Package newunicodechar Warning: Redefining Unicode character on input line 117.



Package newunicodechar Warning: Redefining Unicode character on input line 118.



(/cvmfs/soft.computecanada.ca/gentoo/2023/x86-64-v3/usr/share/texmf-dist/tex/la
tex/hyperref/hyperref.sty
Package: hyperref 2021-02-27 v7.00k Hypertext links for LaTeX

(/cvmfs/soft.computecanada.ca/gentoo/2023/x86-64-v3/usr/share/texmf-dist/tex/ge
neric/ltxcmds/ltxcmds.sty
Package: ltxcmds 2020-05-10 v1.25 LaTeX kernel commands for general use (HO)
)
(/cvmfs/soft.computecanada.ca/gentoo/2023/x86-64-v3/usr/share/texmf-dist/tex/ge
neric/pdftexcmds/pdftexcmds.sty
Package: pdftexcmds 2020-06-27 v0.33 Utility functions of pdfTeX for LuaTeX (HO
)
Package pdftexcmds Info: \pdf@primitive is available.
Package pdftexcmds Info: \pdf@ifprimitive is available.
Package pdftexcmds Info: \pdfdraftmode found.
)
(/cvmfs/soft.computecanada.ca/gentoo/2023/x86-64-v3/usr/share/texmf-dist/tex/ge
neric/kvsetkeys/kvsetkeys.sty
Package: kvsetkeys 2019/12/15 v1.18 Key value parser (HO)
)
(/cvmfs/soft.computecanada.ca/gentoo/2023/x86-64-v3/usr/share/texmf-dist/tex/ge
neric/kvdefinekeys/kvdefinekeys.sty
Package: kvdefinekeys 2019-12-19 v1.6 Define keys (HO)
)
(/cvmfs/soft.computecanada.ca/gentoo/2023/x86-64-v3/usr/share/texmf-dist/tex/ge
neric/pdfescape/pdfescape.sty
Package: pdfescape 2019/12/09 v1.15 Implements pdfTeX's escape features (HO)
)
(/cvmfs/soft.computecanada.ca/gentoo/2023/x86-64-v3/usr/share/texmf-dist/tex/la
tex/hycolor/hycolor.sty
Package: hycolor 2020-01-27 v1.10 Color options for hyperref/bookmark (HO)
)
(/cvmfs/soft.computecanada.ca/gentoo/2023/x86-64-v3/usr/share/texmf-dist/tex/la
tex/letltxmacro/letltxmacro.sty
Package: letltxmacro 2019/12/03 v1.6 Let assignment for LaTeX macros (HO)
)
(/cvmfs/soft.computecanada.ca/gentoo/2023/x86-64-v3/usr/share/texmf-dist/tex/la
tex/auxhook/auxhook.sty
Package: auxhook 2019-12-17 v1.6 Hooks for auxiliary files (HO)
)
(/cvmfs/soft.computecanada.ca/gentoo/2023/x86-64-v3/usr/share/texmf-dist/tex/la
tex/kvoptions/kvoptions.sty
Package: kvoptions 2020-10-07 v3.14 Key value format for package options (HO)
)
\@linkdim=\dimen196
\Hy@linkcounter=\count318
\Hy@pagecounter=\count319

(/cvmfs/soft.computecanada.ca/gentoo/2023/x86-64-v3/usr/share/texmf-dist/tex/la
tex/hyperref/pd1enc.def
File: pd1enc.def 2021-02-27 v7.00k Hyperref: PDFDocEncoding definition (HO)
Now handling font encoding PD1 ...
... no UTF-8 mapping file for font encoding PD1
)
(/cvmfs/soft.computecanada.ca/gentoo/2023/x86-64-v3/usr/share/texmf-dist/tex/la
tex/hyperref/hyperref-langpatches.def
File: hyperref-langpatches.def 2021-02-27 v7.00k Hyperref: patches for babel la
nguages
)
(/cvmfs/soft.computecanada.ca/gentoo/2023/x86-64-v3/usr/share/texmf-dist/tex/ge
neric/etexcmds/etexcmds.sty
Package: etexcmds 2019/12/15 v1.7 Avoid name clashes with e-TeX commands (HO)
)
\Hy@SavedSpaceFactor=\count320

(/cvmfs/soft.computecanada.ca/gentoo/2023/x86-64-v3/usr/share/texmf-dist/tex/la
tex/hyperref/puenc.def
File: puenc.def 2021-02-27 v7.00k Hyperref: PDF Unicode definition (HO)
Now handling font encoding PU ...
... no UTF-8 mapping file for font encoding PU
)
Package hyperref Info: Hyper figures OFF on input line 4192.
Package hyperref Info: Link nesting OFF on input line 4197.
Package hyperref Info: Hyper index ON on input line 4200.
Package hyperref Info: Plain pages OFF on input line 4207.
Package hyperref Info: Backreferencing ON on input line 4210.
Package hyperref Info: Implicit mode ON; LaTeX internals redefined.
Package hyperref Info: Bookmarks ON on input line 4445.

(/cvmfs/soft.computecanada.ca/gentoo/2023/x86-64-v3/usr/share/texmf-dist/tex/la
tex/hyperref/backref.sty
Package: backref 2021/02/04 v1.41 Bibliographical back referencing

(/cvmfs/soft.computecanada.ca/gentoo/2023/x86-64-v3/usr/share/texmf-dist/tex/la
tex/rerunfilecheck/rerunfilecheck.sty
Package: rerunfilecheck 2019/12/05 v1.9 Rerun checks for auxiliary files (HO)

(/cvmfs/soft.computecanada.ca/gentoo/2023/x86-64-v3/usr/share/texmf-dist/tex/la
tex/base/atveryend-ltx.sty
Package: atveryend-ltx 2020/08/19 v1.0a Emulation of the original atvery packag
e
with kernel methods
)
(/cvmfs/soft.computecanada.ca/gentoo/2023/x86-64-v3/usr/share/texmf-dist/tex/ge
neric/uniquecounter/uniquecounter.sty
Package: uniquecounter 2019/12/15 v1.4 Provide unlimited unique counter (HO)

(/cvmfs/soft.computecanada.ca/gentoo/2023/x86-64-v3/usr/share/texmf-dist/tex/ge
neric/bigintcalc/bigintcalc.sty
Package: bigintcalc 2019/12/15 v1.5 Expandable calculations on big integers (HO
)
))
Package uniquecounter Info: New unique counter `rerunfilecheck' on input line 2
86.
))
\c@Hy@tempcnt=\count321

(/cvmfs/soft.computecanada.ca/gentoo/2023/x86-64-v3/usr/share/texmf-dist/tex/la
tex/url/url.sty
\Urlmuskip=\muskip16
Package: url 2013/09/16  ver 3.4  Verb mode for urls, etc.
)
LaTeX Info: Redefining \url on input line 4804.
\XeTeXLinkMargin=\dimen197

(/cvmfs/soft.computecanada.ca/gentoo/2023/x86-64-v3/usr/share/texmf-dist/tex/ge
neric/bitset/bitset.sty
Package: bitset 2019/12/09 v1.3 Handle bit-vector datatype (HO)
)
\Fld@menulength=\count322
\Field@Width=\dimen198
\Fld@charsize=\dimen199
Package hyperref Info: Hyper figures OFF on input line 6075.
Package hyperref Info: Link nesting OFF on input line 6080.
Package hyperref Info: Hyper index ON on input line 6083.
Package hyperref Info: backreferencing ON on input line 6088.
Package hyperref Info: Link coloring OFF on input line 6095.
Package hyperref Info: Link coloring with OCG OFF on input line 6100.
Package hyperref Info: PDF/A mode OFF on input line 6105.
LaTeX Info: Redefining \ref on input line 6145.
LaTeX Info: Redefining \pageref on input line 6149.

(/cvmfs/soft.computecanada.ca/gentoo/2023/x86-64-v3/usr/share/texmf-dist/tex/la
tex/base/atbegshi-ltx.sty
Package: atbegshi-ltx 2020/08/17 v1.0a Emulation of the original atbegshi packa
ge
with kernel methods
)
\Hy@abspage=\count323
\c@Item=\count324
\c@Hfootnote=\count325
)
Package hyperref Info: Driver: hpdftex.

(/cvmfs/soft.computecanada.ca/gentoo/2023/x86-64-v3/usr/share/texmf-dist/tex/la
tex/hyperref/hpdftex.def
File: hpdftex.def 2021-02-27 v7.00k Hyperref driver for pdfTeX
\Fld@listcount=\count326
\c@bookmark@seq@number=\count327
\Hy@SectionHShift=\skip127
)
Package hyperref Info: Option `colorlinks' set `true' on input line 137.
Package hyperref Info: Option `unicode' set `true' on input line 137.

(/cvmfs/soft.computecanada.ca/gentoo/2023/x86-64-v3/usr/share/texmf-dist/tex/la
tex/caption/caption.sty
Package: caption 2020/10/26 v3.5g Customizing captions (AR)

(/cvmfs/soft.computecanada.ca/gentoo/2023/x86-64-v3/usr/share/texmf-dist/tex/la
tex/caption/caption3.sty
Package: caption3 2020/10/21 v2.2e caption3 kernel (AR)
\captionmargin=\dimen256
\captionmargin@=\dimen257
\captionwidth=\dimen258
\caption@tempdima=\dimen259
\caption@indent=\dimen260
\caption@parindent=\dimen261
\caption@hangindent=\dimen262
Package caption Info: Standard document class detected.
)
\c@caption@flags=\count328
\c@continuedfloat=\count329
Package caption Info: changepage package is loaded.
\caption@adjustwidth@hsize=\dimen263
\caption@adjustwidth@linewidth=\dimen264
Package caption Info: float package is loaded.
Package caption Info: hyperref package is loaded.
Package caption Info: longtable package is loaded.

(/cvmfs/soft.computecanada.ca/gentoo/2023/x86-64-v3/usr/share/texmf-dist/tex/la
tex/caption/ltcaption.sty
Package: ltcaption 2020/05/30 v1.4b longtable captions (AR)
))
(/cvmfs/soft.computecanada.ca/gentoo/2023/x86-64-v3/usr/share/texmf-dist/tex/la
tex/etoc/etoc.sty
Package: etoc 2020/05/15 v1.09c Completely customisable TOCs (JFB)
\Etoc@toctoks=\toks34
\c@etoc@tocid=\count330
\c@etoc@tocdepth=\count331
\etoc@framed@titlebox=\box115
\etoc@framed@contentsbox=\box116
)
LaTeX Font Info:    Trying to load font information for T1+phv on input line 15
3.

(/cvmfs/soft.computecanada.ca/gentoo/2023/x86-64-v3/usr/share/texmf-dist/tex/la
tex/psnfss/t1phv.fd
File: t1phv.fd 2020/03/25 scalable font definitions for T1/phv.
)
LaTeX Font Info:    Font shape `T1/phv/m/n' will be
(Font)              scaled to size 8.99994pt on input line 153.

(/cvmfs/soft.computecanada.ca/gentoo/2023/x86-64-v3/usr/share/texmf-dist/tex/la
tex/l3backend/l3backend-pdftex.def
File: l3backend-pdftex.def 2021-03-18 L3 backend support: PDF output (pdfTeX)
\l__color_backend_stack_int=\count332
\l__pdf_internal_box=\box117
) (./refman.aux)
\openout1 = `refman.aux'.

LaTeX Font Info:    Checking defaults for OML/cmm/m/it on input line 153.
LaTeX Font Info:    ... okay on input line 153.
LaTeX Font Info:    Checking defaults for OMS/cmsy/m/n on input line 153.
LaTeX Font Info:    ... okay on input line 153.
LaTeX Font Info:    Checking defaults for OT1/cmr/m/n on input line 153.
LaTeX Font Info:    ... okay on input line 153.
LaTeX Font Info:    Checking defaults for T1/cmr/m/n on input line 153.
LaTeX Font Info:    ... okay on input line 153.
LaTeX Font Info:    Checking defaults for TS1/cmr/m/n on input line 153.
LaTeX Font Info:    ... okay on input line 153.
LaTeX Font Info:    Checking defaults for OMX/cmex/m/n on input line 153.
LaTeX Font Info:    ... okay on input line 153.
LaTeX Font Info:    Checking defaults for U/cmr/m/n on input line 153.
LaTeX Font Info:    ... okay on input line 153.
LaTeX Font Info:    Checking defaults for PD1/pdf/m/n on input line 153.
LaTeX Font Info:    ... okay on input line 153.
LaTeX Font Info:    Checking defaults for PU/pdf/m/n on input line 153.
LaTeX Font Info:    ... okay on input line 153.

(/cvmfs/soft.computecanada.ca/gentoo/2023/x86-64-v3/usr/share/texmf-dist/tex/co
ntext/base/mkii/supp-pdf.mkii
[Loading MPS to PDF converter (version 2006.09.02).]
\scratchcounter=\count333
\scratchdimen=\dimen265
\scratchbox=\box118
\nofMPsegments=\count334
\nofMParguments=\count335
\everyMPshowfont=\toks35
\MPscratchCnt=\count336
\MPscratchDim=\dimen266
\MPnumerator=\count337
\makeMPintoPDFobject=\count338
\everyMPtoPDFconversion=\toks36
)
(/cvmfs/soft.computecanada.ca/gentoo/2023/x86-64-v3/usr/share/texmf-dist/tex/la
tex/epstopdf-pkg/epstopdf-base.sty
Package: epstopdf-base 2020-01-24 v2.11 Base part for package epstopdf
Package epstopdf-base Info: Redefining graphics rule for `.eps' on input line 4
85.

(/cvmfs/soft.computecanada.ca/gentoo/2023/x86-64-v3/usr/share/texmf-dist/tex/la
tex/latexconfig/epstopdf-sys.cfg
File: epstopdf-sys.cfg 2010/07/13 v1.3 Configuration of (r)epstopdf for TeX Liv
e
))
*geometry* driver: auto-detecting
*geometry* detected driver: pdftex
*geometry* verbose mode - [ preamble ] result:
* driver: pdftex
* paper: a4paper
* layout: <same size as paper>
* layoutoffset:(h,v)=(0.0pt,0.0pt)
* modes: twoside 
* h-part:(L,W,R)=(71.13188pt, 455.24411pt, 71.13188pt)
* v-part:(T,H,B)=(71.13188pt, 702.78308pt, 71.13188pt)
* \paperwidth=597.50787pt
* \paperheight=845.04684pt
* \textwidth=455.24411pt
* \textheight=702.78308pt
* \oddsidemargin=-1.1381pt
* \evensidemargin=-1.1381pt
* \topmargin=-31.2056pt
* \headheight=12.0pt
* \headsep=18.06749pt
* \topskip=10.0pt
* \footskip=25.29494pt
* \marginparwidth=125.0pt
* \marginparsep=7.0pt
* \columnsep=10.0pt
* \skip\footins=9.0pt plus 4.0pt minus 2.0pt
* \hoffset=0.0pt
* \voffset=0.0pt
* \mag=1000
* \@twocolumnfalse
* \@twosidetrue
* \@mparswitchtrue
* \@reversemarginfalse
* (1in=72.27pt=25.4mm, 1cm=28.453pt)

Package hyperref Info: Link coloring ON on input line 153.

(/cvmfs/soft.computecanada.ca/gentoo/2023/x86-64-v3/usr/share/texmf-dist/tex/la
tex/hyperref/nameref.sty
Package: nameref 2021-04-02 v2.47 Cross-referencing by name of section

(/cvmfs/soft.computecanada.ca/gentoo/2023/x86-64-v3/usr/share/texmf-dist/tex/la
tex/refcount/refcount.sty
Package: refcount 2019/12/15 v3.6 Data extraction from label references (HO)
)
(/cvmfs/soft.computecanada.ca/gentoo/2023/x86-64-v3/usr/share/texmf-dist/tex/ge
neric/gettitlestring/gettitlestring.sty
Package: gettitlestring 2019/12/15 v1.6 Cleanup title references (HO)
)
\c@section@level=\count339
)
LaTeX Info: Redefining \ref on input line 153.
LaTeX Info: Redefining \pageref on input line 153.
LaTeX Info: Redefining \nameref on input line 153.
 (./refman.out) (./refman.out)
\@outlinefile=\write5
\openout5 = `refman.out'.

Package backref Info: ** backref set up for natbib ** on input line 153.
Package caption Info: Begin \AtBeginDocument code.
Package caption Info: End \AtBeginDocument code.
\Etoc@tf=\read4
Package hyperref Info: Option `pageanchor' set `false' on input line 161.
Package hyperref Info: Option `bookmarksnumbered' set `true' on input line 161.

Package hyperref Info: Option `unicode' set `true' on input line 161.
LaTeX Font Info:    Font shape `T1/phv/m/n' will be
(Font)              scaled to size 12.9599pt on input line 166.
LaTeX Font Info:    Font shape `T1/phv/m/n' will be
(Font)              scaled to size 10.79993pt on input line 168.

[1


{/cvmfs/soft.computecanada.ca/gentoo/2023/x86-64-v3/var/lib/texmf/fonts/map/pdf
tex/updmap/pdftex.map}] [2

]
\tf@toc=\write6
\openout6 = `refman.toc'.

LaTeX Font Info:    Font shape `T1/phv/b/n' will be
(Font)              scaled to size 8.99994pt on input line 174.
LaTeX Font Info:    Trying to load font information for U+msa on input line 174
.

(/cvmfs/soft.computecanada.ca/gentoo/2023/x86-64-v3/usr/share/texmf-dist/tex/la
tex/amsfonts/umsa.fd
File: umsa.fd 2013/01/14 v3.01 AMS symbols A
)
LaTeX Font Info:    Trying to load font information for U+msb on input line 174
.

(/cvmfs/soft.computecanada.ca/gentoo/2023/x86-64-v3/usr/share/texmf-dist/tex/la
tex/amsfonts/umsb.fd
File: umsb.fd 2013/01/14 v3.01 AMS symbols B
)
LaTeX Font Info:    Trying to load font information for U+wasy on input line 17
4.

(/cvmfs/soft.computecanada.ca/gentoo/2023/x86-64-v3/usr/share/texmf-dist/tex/la
tex/wasysym/uwasy.fd
File: uwasy.fd 2020/01/19 v2.4 Wasy-2 symbol font definitions
)
LaTeX Font Info:    Font shape `T1/phv/m/n' will be
(Font)              scaled to size 6.29996pt on input line 174.
LaTeX Font Info:    Font shape `T1/phv/b/n' will be
(Font)              scaled to size 6.29996pt on input line 174.
 [1] [2]
Package hyperref Info: Option `pageanchor' set `true' on input line 177.

Chapter 1.
LaTeX Font Info:    Font shape `T1/phv/m/n' will be
(Font)              scaled to size 18.66588pt on input line 179.
LaTeX Font Info:    Font shape `T1/phv/b/n' will be
(Font)              scaled to size 18.66588pt on input line 179.
LaTeX Font Info:    Font shape `T1/phv/bc/n' will be
(Font)              scaled to size 18.66588pt on input line 179.
LaTeX Font Info:    Font shape `T1/phv/m/n' will be
(Font)              scaled to size 22.39185pt on input line 179.
LaTeX Font Info:    Font shape `T1/phv/b/n' will be
(Font)              scaled to size 22.39185pt on input line 179.
LaTeX Font Info:    Font shape `T1/phv/bc/n' will be
(Font)              scaled to size 22.39185pt on input line 179.
(./index.tex
LaTeX Font Info:    Trying to load font information for TS1+phv on input line 5
.

(/cvmfs/soft.computecanada.ca/gentoo/2023/x86-64-v3/usr/share/texmf-dist/tex/la
tex/psnfss/ts1phv.fd
File: ts1phv.fd 2020/03/25 scalable font definitions for TS1/phv.
)
LaTeX Font Info:    Font shape `TS1/phv/m/n' will be
(Font)              scaled to size 8.99994pt on input line 5.
LaTeX Font Info:    Font shape `T1/phv/b/n' will be
(Font)              scaled to size 12.9599pt on input line 7.
LaTeX Font Info:    Font shape `T1/phv/b/n' will be
(Font)              scaled to size 10.79993pt on input line 8.

Underfull \hbox (badness 10000) in paragraph at lines 18--19

 []

LaTeX Font Info:    Trying to load font information for T1+pcr on input line 20
.

(/cvmfs/soft.computecanada.ca/gentoo/2023/x86-64-v3/usr/share/texmf-dist/tex/la
tex/psnfss/t1pcr.fd
File: t1pcr.fd 2001/06/04 font definitions for T1/pcr.
)
Underfull \hbox (badness 10000) in paragraph at lines 27--28

 []

[1


]
Underfull \hbox (badness 10000) in paragraph at lines 38--39

 []


Underfull \hbox (badness 10000) in paragraph at lines 57--58

 []

[2]) [3] [4

]
Chapter 2.
(./annotated.tex) [5] [6

]
Chapter 3.
(./files.tex) [7] [8

]
Chapter 4.
(./structModelParameters.tex
Underfull \hbox (badness 10000) in paragraph at lines 32--33

 []


Underfull \hbox (badness 10000) in paragraph at lines 35--36

 []


Underfull \hbox (badness 10000) in paragraph at lines 37--38

 []


Underfull \hbox (badness 10000) in paragraph at lines 39--40

 []


Underfull \hbox (badness 10000) in paragraph at lines 41--42

 []

) [9] [10

]
Chapter 5.
(./analyze_8cpp.tex
Underfull \hbox (badness 10000) in paragraph at lines 8--12

 []

LaTeX Font Info:    Font shape `T1/phv/m/n' will be
(Font)              scaled to size 8.09995pt on input line 16.
LaTeX Font Info:    Font shape `T1/phv/m/it' in size <9> not available
(Font)              Font shape `T1/phv/m/sl' tried instead on input line 16.
LaTeX Font Info:    Font shape `T1/phv/m/sl' will be
(Font)              scaled to size 8.09995pt on input line 16.
LaTeX Font Info:    Font shape `T1/phv/bc/n' will be
(Font)              scaled to size 8.99994pt on input line 26.

Underfull \hbox (badness 10000) detected at line 26
[][][]
 []


Underfull \hbox (badness 10000) detected at line 29
[][][]
 []

LaTeX Font Info:    Font shape `T1/phv/m/n' will be
(Font)              scaled to size 7.19995pt on input line 41.
LaTeX Font Info:    Font shape `T1/pcr/m/it' in size <8> not available
(Font)              Font shape `T1/pcr/m/sl' tried instead on input line 41.
[11] [12]) (./friction_8h.tex
Underfull \hbox (badness 10000) in paragraph at lines 8--9

 []


Underfull \hbox (badness 10000) detected at line 21
[][][]
 []


Underfull \hbox (badness 10000) detected at line 24
[][][]
 []

[13]) (./friction_8h_source.tex) (./model_8h.tex
Underfull \hbox (badness 10000) in paragraph at lines 8--9

 []

[14]
Underfull \hbox (badness 10000) detected at line 30
[][][]
 []


Underfull \hbox (badness 10000) detected at line 33
[][][]
 []

[15]
Overfull \vbox (22.26468pt too high) has occurred while \output is active []


[16]) (./model_8h_source.tex) (./testmodel_8cpp.tex
Underfull \hbox (badness 10000) in paragraph at lines 8--14

 []


Underfull \hbox (badness 10000) detected at line 28
[][][]
 []


Underfull \hbox (badness 10000) detected at line 31
[][][]
 []

[17] [18]) [19] [20

] (./refman.ind [21



]) (./refman.aux)
Package rerunfilecheck Info: File `refman.out' has not changed.
(rerunfilecheck)             Checksum: F7E328BAC00B2DA555A7C6DB1547A443;7975.
 ) 
Here is how much of TeX's memory you used:
 16932 strings out of 480884
 263802 string characters out of 5900692
 586429 words of memory out of 5000000
 33709 multiletter control sequences out of 15000+600000
 458868 words of font info for 94 fonts, out of 8000000 for 9000
 36 hyphenation exceptions out of 8191
 112i,15n,117p,743b,637s stack positions out of 5000i,500n,10000p,200000b,80000s
{/cvmfs/soft.computecanada.ca/gentoo/2023/x86-64-v3/usr/share/texmf-dist/font
s/enc/dvips/base/8r.enc}</cvmfs/soft.computecanada.ca/gentoo/2023/x86-64-v3/usr
/share/texmf-dist/fonts/type1/public/amsfonts/cm/cmmi10.pfb></cvmfs/soft.comput
ecanada.ca/gentoo/2023/x86-64-v3/usr/share/texmf-dist/fonts/type1/public/amsfon
ts/cm/cmmi8.pfb></cvmfs/soft.computecanada.ca/gentoo/2023/x86-64-v3/usr/share/t
exmf-dist/fonts/type1/public/amsfonts/cm/cmsy10.pfb></cvmfs/soft.computecanada.
ca/gentoo/2023/x86-64-v3/usr/share/texmf-dist/fonts/type1/public/amsfonts/cm/cm
sy8.pfb></cvmfs/soft.computecanada.ca/gentoo/2023/x86-64-v3/usr/share/texmf-dis
t/fonts/type1/urw/courier/ucrr8a.pfb></cvmfs/soft.computecanada.ca/gentoo/2023/
x86-64-v3/usr/share/texmf-dist/fonts/type1/urw/courier/ucrro8a.pfb></cvmfs/soft
.computecanada.ca/gentoo/2023/x86-64-v3/usr/share/texmf-dist/fonts/type1/urw/he
lvetic/uhvb8a.pfb></cvmfs/soft.computecanada.ca/gentoo/2023/x86-64-v3/usr/share
/texmf-dist/fonts/type1/urw/helvetic/uhvb8ac.pfb></cvmfs/soft.computecanada.ca/
gentoo/2023/x86-64-v3/usr/share/texmf-dist/fonts/type1/urw/helvetic/uhvr8a.pfb>
</cvmfs/soft.computecanada.ca/gentoo/2023/x86-64-v3/usr/share/texmf-dist/fonts/
type1/urw/helvetic/uhvro8a.pfb>
Output written on refman.pdf (25 pages, 129724 bytes).
PDF statistics:
 538 PDF objects out of 1000 (max. 8388607)
 496 compressed objects within 5 object streams
 119 named destinations out of 1000 (max. 500000)
 361 words of extra memory for PDF output out of 10000 (max. 10000000)

